2020-12-17 17:02:13 INFO  - Application started
2020-12-17 17:02:28 INFO  - Application finished
2020-12-17 17:21:09 INFO  - Application started
2020-12-17 17:21:14 ERROR - Citykkknot found
2020-12-17 17:21:14 INFO  - Application finished
2020-12-17 18:50:20 DEBUG - Adding [systemProperties] PropertySource with lowest search precedence
2020-12-17 18:50:20 DEBUG - Adding [systemEnvironment] PropertySource with lowest search precedence
2020-12-17 18:50:20 DEBUG - Initialized StandardEnvironment with PropertySources [systemProperties,systemEnvironment]
2020-12-17 18:50:20 INFO  - Refreshing org.springframework.context.annotation.AnnotationConfigApplicationContext@2b05039f: startup date [Thu Dec 17 18:50:20 CET 2020]; root of context hierarchy
2020-12-17 18:50:20 DEBUG - Bean factory for org.springframework.context.annotation.AnnotationConfigApplicationContext@2b05039f: org.springframework.beans.factory.support.DefaultListableBeanFactory@6d8a00e3: defining beans [org.springframework.context.annotation.internalConfigurationAnnotationProcessor,org.springframework.context.annotation.internalAutowiredAnnotationProcessor,org.springframework.context.annotation.internalRequiredAnnotationProcessor,org.springframework.context.annotation.internalCommonAnnotationProcessor,config]; root of factory hierarchy
2020-12-17 18:50:20 DEBUG - Creating shared instance of singleton bean 'org.springframework.context.annotation.internalConfigurationAnnotationProcessor'
2020-12-17 18:50:20 DEBUG - Creating instance of bean 'org.springframework.context.annotation.internalConfigurationAnnotationProcessor'
2020-12-17 18:50:20 DEBUG - Eagerly caching bean 'org.springframework.context.annotation.internalConfigurationAnnotationProcessor' to allow for resolving potential circular references
2020-12-17 18:50:20 DEBUG - Finished creating instance of bean 'org.springframework.context.annotation.internalConfigurationAnnotationProcessor'
2020-12-17 18:50:20 DEBUG - Registering bean definition for @Bean method de.telran.weather.Config.app()
2020-12-17 18:50:20 DEBUG - Registering bean definition for @Bean method de.telran.weather.Config.getInputOutputService()
2020-12-17 18:50:20 DEBUG - Registering bean definition for @Bean method de.telran.weather.Config.getWeatherGateway()
2020-12-17 18:50:20 DEBUG - Registering bean definition for @Bean method de.telran.weather.Config.getObjectMapper()
2020-12-17 18:50:20 DEBUG - Registering bean definition for @Bean method de.telran.weather.Config.getWeatherService()
2020-12-17 18:50:20 DEBUG - Successfully enhanced de.telran.weather.Config; enhanced class name is: de.telran.weather.Config$$EnhancerBySpringCGLIB$$f5c50a4e
2020-12-17 18:50:20 DEBUG - Replacing bean definition 'config' existing class name 'de.telran.weather.Config' with enhanced class name 'de.telran.weather.Config$$EnhancerBySpringCGLIB$$f5c50a4e'
2020-12-17 18:50:20 DEBUG - Creating shared instance of singleton bean 'org.springframework.context.annotation.internalAutowiredAnnotationProcessor'
2020-12-17 18:50:20 DEBUG - Creating instance of bean 'org.springframework.context.annotation.internalAutowiredAnnotationProcessor'
2020-12-17 18:50:20 DEBUG - Eagerly caching bean 'org.springframework.context.annotation.internalAutowiredAnnotationProcessor' to allow for resolving potential circular references
2020-12-17 18:50:20 DEBUG - Finished creating instance of bean 'org.springframework.context.annotation.internalAutowiredAnnotationProcessor'
2020-12-17 18:50:20 DEBUG - Creating shared instance of singleton bean 'org.springframework.context.annotation.internalRequiredAnnotationProcessor'
2020-12-17 18:50:20 DEBUG - Creating instance of bean 'org.springframework.context.annotation.internalRequiredAnnotationProcessor'
2020-12-17 18:50:20 DEBUG - Eagerly caching bean 'org.springframework.context.annotation.internalRequiredAnnotationProcessor' to allow for resolving potential circular references
2020-12-17 18:50:20 DEBUG - Finished creating instance of bean 'org.springframework.context.annotation.internalRequiredAnnotationProcessor'
2020-12-17 18:50:20 DEBUG - Creating shared instance of singleton bean 'org.springframework.context.annotation.internalCommonAnnotationProcessor'
2020-12-17 18:50:20 DEBUG - Creating instance of bean 'org.springframework.context.annotation.internalCommonAnnotationProcessor'
2020-12-17 18:50:20 DEBUG - Eagerly caching bean 'org.springframework.context.annotation.internalCommonAnnotationProcessor' to allow for resolving potential circular references
2020-12-17 18:50:20 DEBUG - Finished creating instance of bean 'org.springframework.context.annotation.internalCommonAnnotationProcessor'
2020-12-17 18:50:20 DEBUG - Creating shared instance of singleton bean 'org.springframework.context.annotation.ConfigurationClassPostProcessor.importAwareProcessor'
2020-12-17 18:50:20 DEBUG - Creating instance of bean 'org.springframework.context.annotation.ConfigurationClassPostProcessor.importAwareProcessor'
2020-12-17 18:50:20 DEBUG - Eagerly caching bean 'org.springframework.context.annotation.ConfigurationClassPostProcessor.importAwareProcessor' to allow for resolving potential circular references
2020-12-17 18:50:20 DEBUG - Finished creating instance of bean 'org.springframework.context.annotation.ConfigurationClassPostProcessor.importAwareProcessor'
2020-12-17 18:50:20 DEBUG - Creating shared instance of singleton bean 'org.springframework.context.annotation.ConfigurationClassPostProcessor.enhancedConfigurationProcessor'
2020-12-17 18:50:20 DEBUG - Creating instance of bean 'org.springframework.context.annotation.ConfigurationClassPostProcessor.enhancedConfigurationProcessor'
2020-12-17 18:50:20 DEBUG - Eagerly caching bean 'org.springframework.context.annotation.ConfigurationClassPostProcessor.enhancedConfigurationProcessor' to allow for resolving potential circular references
2020-12-17 18:50:20 DEBUG - Finished creating instance of bean 'org.springframework.context.annotation.ConfigurationClassPostProcessor.enhancedConfigurationProcessor'
2020-12-17 18:50:20 DEBUG - Unable to locate MessageSource with name 'messageSource': using default [org.springframework.context.support.DelegatingMessageSource@4fb64261]
2020-12-17 18:50:20 DEBUG - Unable to locate ApplicationEventMulticaster with name 'applicationEventMulticaster': using default [org.springframework.context.event.SimpleApplicationEventMulticaster@4524411f]
2020-12-17 18:50:20 DEBUG - Pre-instantiating singletons in org.springframework.beans.factory.support.DefaultListableBeanFactory@6d8a00e3: defining beans [org.springframework.context.annotation.internalConfigurationAnnotationProcessor,org.springframework.context.annotation.internalAutowiredAnnotationProcessor,org.springframework.context.annotation.internalRequiredAnnotationProcessor,org.springframework.context.annotation.internalCommonAnnotationProcessor,config,org.springframework.context.annotation.ConfigurationClassPostProcessor.importAwareProcessor,org.springframework.context.annotation.ConfigurationClassPostProcessor.enhancedConfigurationProcessor,app,getInputOutputService,getWeatherGateway,getObjectMapper,getWeatherService]; root of factory hierarchy
2020-12-17 18:50:20 DEBUG - Returning cached instance of singleton bean 'org.springframework.context.annotation.internalConfigurationAnnotationProcessor'
2020-12-17 18:50:20 DEBUG - Returning cached instance of singleton bean 'org.springframework.context.annotation.internalAutowiredAnnotationProcessor'
2020-12-17 18:50:20 DEBUG - Returning cached instance of singleton bean 'org.springframework.context.annotation.internalRequiredAnnotationProcessor'
2020-12-17 18:50:20 DEBUG - Returning cached instance of singleton bean 'org.springframework.context.annotation.internalCommonAnnotationProcessor'
2020-12-17 18:50:20 DEBUG - Creating shared instance of singleton bean 'config'
2020-12-17 18:50:20 DEBUG - Creating instance of bean 'config'
2020-12-17 18:50:20 DEBUG - Eagerly caching bean 'config' to allow for resolving potential circular references
2020-12-17 18:50:20 DEBUG - Finished creating instance of bean 'config'
2020-12-17 18:50:20 DEBUG - Returning cached instance of singleton bean 'org.springframework.context.annotation.ConfigurationClassPostProcessor.importAwareProcessor'
2020-12-17 18:50:20 DEBUG - Returning cached instance of singleton bean 'org.springframework.context.annotation.ConfigurationClassPostProcessor.enhancedConfigurationProcessor'
2020-12-17 18:50:20 DEBUG - Creating shared instance of singleton bean 'app'
2020-12-17 18:50:20 DEBUG - Creating instance of bean 'app'
2020-12-17 18:50:21 DEBUG - Returning cached instance of singleton bean 'config'
2020-12-17 18:50:21 DEBUG - Creating shared instance of singleton bean 'getInputOutputService'
2020-12-17 18:50:21 DEBUG - Creating instance of bean 'getInputOutputService'
2020-12-17 18:50:21 DEBUG - Returning cached instance of singleton bean 'config'
2020-12-17 18:50:21 DEBUG - Eagerly caching bean 'getInputOutputService' to allow for resolving potential circular references
2020-12-17 18:50:21 DEBUG - Finished creating instance of bean 'getInputOutputService'
2020-12-17 18:50:21 DEBUG - Creating shared instance of singleton bean 'getWeatherService'
2020-12-17 18:50:21 DEBUG - Creating instance of bean 'getWeatherService'
2020-12-17 18:50:21 DEBUG - Returning cached instance of singleton bean 'config'
2020-12-17 18:50:21 DEBUG - Creating shared instance of singleton bean 'getWeatherGateway'
2020-12-17 18:50:21 DEBUG - Creating instance of bean 'getWeatherGateway'
2020-12-17 18:50:21 DEBUG - Returning cached instance of singleton bean 'config'
2020-12-17 18:50:21 DEBUG - Creating shared instance of singleton bean 'getObjectMapper'
2020-12-17 18:50:21 DEBUG - Creating instance of bean 'getObjectMapper'
2020-12-17 18:50:21 DEBUG - Returning cached instance of singleton bean 'config'
2020-12-17 18:50:21 DEBUG - Eagerly caching bean 'getObjectMapper' to allow for resolving potential circular references
2020-12-17 18:50:21 DEBUG - Finished creating instance of bean 'getObjectMapper'
2020-12-17 18:50:21 DEBUG - Autowiring by type from bean name 'getWeatherGateway' via factory method to bean named 'getObjectMapper'
2020-12-17 18:50:21 DEBUG - Eagerly caching bean 'getWeatherGateway' to allow for resolving potential circular references
2020-12-17 18:50:21 DEBUG - Finished creating instance of bean 'getWeatherGateway'
2020-12-17 18:50:21 DEBUG - Autowiring by type from bean name 'getWeatherService' via factory method to bean named 'getWeatherGateway'
2020-12-17 18:50:21 DEBUG - Eagerly caching bean 'getWeatherService' to allow for resolving potential circular references
2020-12-17 18:50:21 DEBUG - Finished creating instance of bean 'getWeatherService'
2020-12-17 18:50:21 DEBUG - Autowiring by type from bean name 'app' via factory method to bean named 'getInputOutputService'
2020-12-17 18:50:21 DEBUG - Autowiring by type from bean name 'app' via factory method to bean named 'getWeatherService'
2020-12-17 18:50:21 DEBUG - Eagerly caching bean 'app' to allow for resolving potential circular references
2020-12-17 18:50:21 DEBUG - Finished creating instance of bean 'app'
2020-12-17 18:50:21 DEBUG - Returning cached instance of singleton bean 'getInputOutputService'
2020-12-17 18:50:21 DEBUG - Returning cached instance of singleton bean 'getWeatherGateway'
2020-12-17 18:50:21 DEBUG - Returning cached instance of singleton bean 'getObjectMapper'
2020-12-17 18:50:21 DEBUG - Returning cached instance of singleton bean 'getWeatherService'
2020-12-17 18:50:21 DEBUG - Unable to locate LifecycleProcessor with name 'lifecycleProcessor': using default [org.springframework.context.support.DefaultLifecycleProcessor@4fb0f2b9]
2020-12-17 18:50:21 DEBUG - Returning cached instance of singleton bean 'lifecycleProcessor'
2020-12-17 18:50:21 DEBUG - Searching for key 'spring.liveBeansView.mbeanDomain' in [systemProperties]
2020-12-17 18:50:21 DEBUG - Searching for key 'spring.liveBeansView.mbeanDomain' in [systemEnvironment]
2020-12-17 18:50:21 DEBUG - Could not find key 'spring.liveBeansView.mbeanDomain' in any property source. Returning [null]
2020-12-17 18:50:21 DEBUG - Returning cached instance of singleton bean 'app'
2020-12-17 18:50:21 INFO  - Application started
2020-12-17 18:50:32 INFO  - Application finished
